TN:
SF:src\services\utils.tsx
FN:3,filterArrayString
FN:7,filterArrayNumber
FN:11,latrus
FN:34,addEmptyString
FN:43,numberToString
FN:51,splitStrings
FN:55,splitNumbers
FN:64,diffMonth
FN:70,prettyPhone
FN:89,trClass
FN:101,tinyDate
FN:110,useOnClickOutside
FNF:12
FNH:5
FNDA:1,filterArrayString
FNDA:1,filterArrayNumber
FNDA:2,latrus
FNDA:2,addEmptyString
FNDA:1,numberToString
FNDA:0,splitStrings
FNDA:0,splitNumbers
FNDA:0,diffMonth
FNDA:0,prettyPhone
FNDA:0,trClass
FNDA:0,tinyDate
FNDA:0,useOnClickOutside
DA:1,1
DA:2,1
DA:3,1
DA:4,1
DA:5,1
DA:6,1
DA:7,1
DA:8,1
DA:9,1
DA:10,1
DA:11,1
DA:12,2
DA:13,2
DA:14,2
DA:15,2
DA:16,67
DA:17,67
DA:18,67
DA:19,0
DA:20,0
DA:21,67
DA:22,67
DA:23,2
DA:24,2
DA:25,1
DA:26,1
DA:27,1
DA:28,1
DA:29,1
DA:30,1
DA:31,1
DA:32,1
DA:33,1
DA:34,1
DA:35,2
DA:36,2
DA:37,1
DA:38,1
DA:39,2
DA:40,2
DA:41,2
DA:42,1
DA:43,1
DA:44,1
DA:45,1
DA:46,1
DA:47,1
DA:48,1
DA:49,1
DA:50,1
DA:51,1
DA:52,0
DA:53,1
DA:54,1
DA:55,1
DA:56,0
DA:57,0
DA:58,0
DA:59,0
DA:60,0
DA:61,0
DA:62,1
DA:63,1
DA:64,1
DA:65,0
DA:66,0
DA:67,0
DA:68,0
DA:69,1
DA:70,1
DA:71,0
DA:72,0
DA:73,0
DA:74,0
DA:75,0
DA:76,0
DA:77,0
DA:78,0
DA:79,0
DA:80,0
DA:81,0
DA:82,0
DA:83,0
DA:84,0
DA:85,0
DA:86,0
DA:87,0
DA:88,1
DA:89,1
DA:90,0
DA:91,0
DA:92,0
DA:93,0
DA:94,0
DA:95,0
DA:96,0
DA:97,0
DA:98,0
DA:99,0
DA:100,1
DA:101,1
DA:102,0
DA:103,0
DA:104,0
DA:105,0
DA:106,0
DA:107,1
DA:108,1
DA:109,1
DA:110,1
DA:111,0
DA:112,0
DA:113,0
DA:114,0
DA:115,0
DA:116,0
DA:117,0
DA:118,0
DA:119,0
DA:120,0
DA:121,0
DA:122,0
DA:123,0
DA:124,0
DA:125,0
DA:126,0
DA:127,0
DA:128,0
DA:129,0
DA:130,0
LF:130
LH:65
BRDA:3,0,0,1
BRDA:4,1,0,4
BRDA:7,2,0,1
BRDA:8,3,0,5
BRDA:8,4,0,5
BRDA:11,5,0,2
BRDA:15,6,0,67
BRDA:18,7,0,2
BRDA:18,8,0,0
BRDA:21,9,0,0
BRDA:34,10,0,2
BRDA:36,11,0,1
BRDA:37,12,0,3
BRDA:43,13,0,1
BRDA:46,14,0,3
BRF:15
BRH:13
end_of_record
